2022-10-11 08:09:15,788 - mmflow - INFO - Multi-processing start method is `fork`
2022-10-11 08:09:15,806 - mmflow - INFO - OpenCV num_threads is `32
2022-10-11 08:09:15,890 - mmflow - INFO - Environment info:
------------------------------------------------------------
sys.platform: linux
Python: 3.8.13 (default, Mar 28 2022, 11:38:47) [GCC 7.5.0]
CUDA available: True
CUDA_HOME: /opt/share/cuda/cuda-10.1
NVCC: Cuda compilation tools, release 10.1, V10.1.243
GPU 0,1,2,3: Tesla V100-SXM2-32GB
GCC: gcc (GCC) 4.8.5 20150623 (Red Hat 4.8.5-36)
PyTorch: 1.12.1
PyTorch compiling details: PyTorch built with:
  - GCC 9.3
  - C++ Version: 201402
  - Intel(R) oneAPI Math Kernel Library Version 2021.4-Product Build 20210904 for Intel(R) 64 architecture applications
  - Intel(R) MKL-DNN v2.6.0 (Git Hash 52b5f107dd9cf10910aaa19cb47f3abf9b349815)
  - OpenMP 201511 (a.k.a. OpenMP 4.5)
  - LAPACK is enabled (usually provided by MKL)
  - NNPACK is enabled
  - CPU capability usage: AVX2
  - CUDA Runtime 11.3
  - NVCC architecture flags: -gencode;arch=compute_37,code=sm_37;-gencode;arch=compute_50,code=sm_50;-gencode;arch=compute_60,code=sm_60;-gencode;arch=compute_61,code=sm_61;-gencode;arch=compute_70,code=sm_70;-gencode;arch=compute_75,code=sm_75;-gencode;arch=compute_80,code=sm_80;-gencode;arch=compute_86,code=sm_86;-gencode;arch=compute_37,code=compute_37
  - CuDNN 8.3.2  (built against CUDA 11.5)
  - Magma 2.5.2
  - Build settings: BLAS_INFO=mkl, BUILD_TYPE=Release, CUDA_VERSION=11.3, CUDNN_VERSION=8.3.2, CXX_COMPILER=/opt/rh/devtoolset-9/root/usr/bin/c++, CXX_FLAGS= -fabi-version=11 -Wno-deprecated -fvisibility-inlines-hidden -DUSE_PTHREADPOOL -fopenmp -DNDEBUG -DUSE_KINETO -DUSE_FBGEMM -DUSE_QNNPACK -DUSE_PYTORCH_QNNPACK -DUSE_XNNPACK -DSYMBOLICATE_MOBILE_DEBUG_HANDLE -DEDGE_PROFILER_USE_KINETO -O2 -fPIC -Wno-narrowing -Wall -Wextra -Werror=return-type -Wno-missing-field-initializers -Wno-type-limits -Wno-array-bounds -Wno-unknown-pragmas -Wno-unused-parameter -Wno-unused-function -Wno-unused-result -Wno-unused-local-typedefs -Wno-strict-overflow -Wno-strict-aliasing -Wno-error=deprecated-declarations -Wno-stringop-overflow -Wno-psabi -Wno-error=pedantic -Wno-error=redundant-decls -Wno-error=old-style-cast -fdiagnostics-color=always -faligned-new -Wno-unused-but-set-variable -Wno-maybe-uninitialized -fno-math-errno -fno-trapping-math -Werror=format -Werror=cast-function-type -Wno-stringop-overflow, LAPACK_INFO=mkl, PERF_WITH_AVX=1, PERF_WITH_AVX2=1, PERF_WITH_AVX512=1, TORCH_VERSION=1.12.1, USE_CUDA=ON, USE_CUDNN=ON, USE_EXCEPTION_PTR=1, USE_GFLAGS=OFF, USE_GLOG=OFF, USE_MKL=ON, USE_MKLDNN=OFF, USE_MPI=OFF, USE_NCCL=ON, USE_NNPACK=ON, USE_OPENMP=ON, USE_ROCM=OFF, 

TorchVision: 0.13.1
OpenCV: 4.6.0
MMCV: 1.6.1
MMFlow: 0.5.1+47d7ece
MMCV Compiler: GCC 9.3
MMCV CUDA Compiler: 11.3
------------------------------------------------------------

2022-10-11 08:09:15,891 - mmflow - INFO - Distributed training: False
2022-10-11 08:09:17,216 - mmflow - INFO - Config:
model = dict(
    type='RAFT',
    num_levels=4,
    radius=4,
    cxt_channels=128,
    h_channels=128,
    encoder=dict(
        type='RAFTEncoder',
        in_channels=3,
        out_channels=256,
        net_type='Basic',
        norm_cfg=dict(type='IN'),
        init_cfg=[
            dict(
                type='Kaiming',
                layer=['Conv2d'],
                mode='fan_out',
                nonlinearity='relu'),
            dict(type='Constant', layer=['InstanceNorm2d'], val=1, bias=0)
        ]),
    cxt_encoder=dict(
        type='RAFTEncoder',
        in_channels=3,
        out_channels=256,
        net_type='Basic',
        norm_cfg=dict(type='SyncBN'),
        init_cfg=[
            dict(
                type='Kaiming',
                layer=['Conv2d'],
                mode='fan_out',
                nonlinearity='relu'),
            dict(type='Constant', layer=['SyncBatchNorm2d'], val=1, bias=0)
        ]),
    decoder=dict(
        type='RAFTDecoder',
        net_type='Basic',
        num_levels=4,
        radius=4,
        iters=12,
        corr_op_cfg=dict(type='CorrLookup', align_corners=True),
        gru_type='SeqConv',
        flow_loss=dict(type='SequenceLoss', gamma=0.85),
        act_cfg=dict(type='ReLU')),
    freeze_bn=True,
    train_cfg=dict(),
    test_cfg=dict(iters=32))
caddy_data_root = '/home/s.starace/Dataset/dCADDY'
caddy_dataset_type = 'CADDY'
caddy_img_norm_cfg = dict(
    mean=[0.0, 0.0, 0.0], std=[255.0, 255.0, 255.0], to_rgb=False)
crop_size_caddy = (320, 240)
kitti_data_root = '/home/s.starace/Dataset/Depthstillation_mix/dKITTI'
kitti_dataset_type = 'KITTI2015AUG'
kitti_img_norm_cfg = dict(
    mean=[127.5, 127.5, 127.5], std=[127.5, 127.5, 127.5], to_rgb=False)
crop_size_kitti = (288, 960)
global_transform = dict(
    translates=(0.02, 0.02),
    zoom=(0.98, 1.02),
    shear=(1.0, 1.0),
    rotate=(-0.5, 0.5))
relative_transform = dict(
    translates=(0.0025, 0.0025),
    zoom=(0.99, 1.01),
    shear=(1.0, 1.0),
    rotate=(-0.5, 0.5))
kitti_train_pipeline = [
    dict(type='LoadImageFromFile'),
    dict(type='LoadAnnotations', sparse=True),
    dict(
        type='ColorJitter',
        asymmetric_prob=0.0,
        brightness=0.4,
        contrast=0.4,
        saturation=0.4,
        hue=0.1592356687898089),
    dict(type='Erase', prob=0.5, bounds=[50, 100], max_num=3),
    dict(
        type='SpacialTransform',
        spacial_prob=0.8,
        stretch_prob=0.8,
        crop_size=(288, 960),
        min_scale=-0.2,
        max_scale=0.4,
        max_stretch=0.2),
    dict(type='RandomCrop', crop_size=(288, 960)),
    dict(
        type='Normalize',
        mean=[0.0, 0.0, 0.0],
        std=[255.0, 255.0, 255.0],
        to_rgb=False),
    dict(type='DefaultFormatBundle'),
    dict(
        type='Collect',
        keys=['imgs', 'flow_gt', 'valid'],
        meta_keys=[
            'filename1', 'filename2', 'ori_filename1', 'ori_filename2',
            'filename_flow', 'ori_filename_flow', 'ori_shape', 'img_shape',
            'erase_bounds', 'erase_num', 'scale_factor'
        ])
]
caddy_train_pipeline = [
    dict(type='LoadImageFromFile'),
    dict(type='LoadAnnotations', sparse=True),
    dict(
        type='ColorJitter',
        brightness=0.05,
        contrast=0.2,
        saturation=0.25,
        hue=0.1),
    dict(type='RandomGamma', gamma_range=(0.7, 1.5)),
    dict(
        type='Normalize',
        mean=[0.0, 0.0, 0.0],
        std=[255.0, 255.0, 255.0],
        to_rgb=False),
    dict(type='GaussianNoise', sigma_range=(0, 0.04), clamp_range=(0.0, 1.0)),
    dict(type='RandomFlip', prob=0.5, direction='horizontal'),
    dict(type='RandomFlip', prob=0.5, direction='vertical'),
    dict(
        type='RandomAffine',
        global_transform=dict(
            translates=(0.02, 0.02),
            zoom=(0.98, 1.02),
            shear=(1.0, 1.0),
            rotate=(-0.5, 0.5)),
        relative_transform=dict(
            translates=(0.0025, 0.0025),
            zoom=(0.99, 1.01),
            shear=(1.0, 1.0),
            rotate=(-0.5, 0.5))),
    dict(type='RandomCrop', crop_size=(320, 240)),
    dict(type='DefaultFormatBundle'),
    dict(
        type='Collect',
        keys=['imgs', 'flow_gt', 'valid'],
        meta_keys=[
            'img_fields', 'ann_fields', 'filename1', 'filename2',
            'ori_filename1', 'ori_filename2', 'filename_flow',
            'ori_filename_flow', 'ori_shape', 'img_shape', 'img_norm_cfg'
        ])
]
test_pipeline = [
    dict(type='LoadImageFromFile'),
    dict(type='LoadAnnotations', sparse=True),
    dict(type='InputResize', exponent=6),
    dict(
        type='Normalize',
        mean=[0.0, 0.0, 0.0],
        std=[255.0, 255.0, 255.0],
        to_rgb=False),
    dict(type='TestFormatBundle'),
    dict(
        type='Collect',
        keys=['imgs'],
        meta_keys=[
            'flow_gt', 'valid', 'filename1', 'filename2', 'ori_filename1',
            'ori_filename2', 'ori_shape', 'img_shape', 'img_norm_cfg',
            'scale_factor', 'pad_shape'
        ])
]
sintel_test_pipeline = [
    dict(type='LoadImageFromFile'),
    dict(type='LoadAnnotations'),
    dict(type='InputPad', exponent=3),
    dict(
        type='Normalize',
        mean=[0.0, 0.0, 0.0],
        std=[255.0, 255.0, 255.0],
        to_rgb=False),
    dict(type='TestFormatBundle'),
    dict(
        type='Collect',
        keys=['imgs'],
        meta_keys=[
            'flow_gt', 'filename1', 'filename2', 'ori_filename1',
            'ori_filename2', 'ori_shape', 'img_shape', 'img_norm_cfg',
            'scale_factor', 'pad_shape', 'pad'
        ])
]
d_caddy_train = dict(
    type='CADDY',
    data_root='/home/s.starace/Dataset/dCADDY',
    pipeline=[
        dict(type='LoadImageFromFile'),
        dict(type='LoadAnnotations', sparse=True),
        dict(
            type='ColorJitter',
            brightness=0.05,
            contrast=0.2,
            saturation=0.25,
            hue=0.1),
        dict(type='RandomGamma', gamma_range=(0.7, 1.5)),
        dict(
            type='Normalize',
            mean=[0.0, 0.0, 0.0],
            std=[255.0, 255.0, 255.0],
            to_rgb=False),
        dict(
            type='GaussianNoise',
            sigma_range=(0, 0.04),
            clamp_range=(0.0, 1.0)),
        dict(type='RandomFlip', prob=0.5, direction='horizontal'),
        dict(type='RandomFlip', prob=0.5, direction='vertical'),
        dict(
            type='RandomAffine',
            global_transform=dict(
                translates=(0.02, 0.02),
                zoom=(0.98, 1.02),
                shear=(1.0, 1.0),
                rotate=(-0.5, 0.5)),
            relative_transform=dict(
                translates=(0.0025, 0.0025),
                zoom=(0.99, 1.01),
                shear=(1.0, 1.0),
                rotate=(-0.5, 0.5))),
        dict(type='RandomCrop', crop_size=(320, 240)),
        dict(type='DefaultFormatBundle'),
        dict(
            type='Collect',
            keys=['imgs', 'flow_gt', 'valid'],
            meta_keys=[
                'img_fields', 'ann_fields', 'filename1', 'filename2',
                'ori_filename1', 'ori_filename2', 'filename_flow',
                'ori_filename_flow', 'ori_shape', 'img_shape', 'img_norm_cfg'
            ])
    ],
    test_mode=False)
d_kitti_train = dict(
    type='KITTI2015AUG',
    data_root='/home/s.starace/Dataset/Depthstillation_mix/dKITTI',
    pipeline=[
        dict(type='LoadImageFromFile'),
        dict(type='LoadAnnotations', sparse=True),
        dict(
            type='ColorJitter',
            asymmetric_prob=0.0,
            brightness=0.4,
            contrast=0.4,
            saturation=0.4,
            hue=0.1592356687898089),
        dict(type='Erase', prob=0.5, bounds=[50, 100], max_num=3),
        dict(
            type='SpacialTransform',
            spacial_prob=0.8,
            stretch_prob=0.8,
            crop_size=(288, 960),
            min_scale=-0.2,
            max_scale=0.4,
            max_stretch=0.2),
        dict(type='RandomCrop', crop_size=(288, 960)),
        dict(
            type='Normalize',
            mean=[0.0, 0.0, 0.0],
            std=[255.0, 255.0, 255.0],
            to_rgb=False),
        dict(type='DefaultFormatBundle'),
        dict(
            type='Collect',
            keys=['imgs', 'flow_gt', 'valid'],
            meta_keys=[
                'filename1', 'filename2', 'ori_filename1', 'ori_filename2',
                'filename_flow', 'ori_filename_flow', 'ori_shape', 'img_shape',
                'erase_bounds', 'erase_num', 'scale_factor'
            ])
    ],
    test_mode=False)
kitti2015_val_test = dict(
    type='KITTI2015',
    data_root='data/KITTI_2015',
    pipeline=[
        dict(type='LoadImageFromFile'),
        dict(type='LoadAnnotations', sparse=True),
        dict(type='InputResize', exponent=6),
        dict(
            type='Normalize',
            mean=[0.0, 0.0, 0.0],
            std=[255.0, 255.0, 255.0],
            to_rgb=False),
        dict(type='TestFormatBundle'),
        dict(
            type='Collect',
            keys=['imgs'],
            meta_keys=[
                'flow_gt', 'valid', 'filename1', 'filename2', 'ori_filename1',
                'ori_filename2', 'ori_shape', 'img_shape', 'img_norm_cfg',
                'scale_factor', 'pad_shape'
            ])
    ],
    test_mode=True)
sintel_clean_test = dict(
    type='Sintel',
    pipeline=[
        dict(type='LoadImageFromFile'),
        dict(type='LoadAnnotations'),
        dict(type='InputPad', exponent=3),
        dict(
            type='Normalize',
            mean=[0.0, 0.0, 0.0],
            std=[255.0, 255.0, 255.0],
            to_rgb=False),
        dict(type='TestFormatBundle'),
        dict(
            type='Collect',
            keys=['imgs'],
            meta_keys=[
                'flow_gt', 'filename1', 'filename2', 'ori_filename1',
                'ori_filename2', 'ori_shape', 'img_shape', 'img_norm_cfg',
                'scale_factor', 'pad_shape', 'pad'
            ])
    ],
    data_root='data/Sintel',
    test_mode=True,
    pass_style='clean')
sintel_final_test = dict(
    type='Sintel',
    pipeline=[
        dict(type='LoadImageFromFile'),
        dict(type='LoadAnnotations'),
        dict(type='InputPad', exponent=3),
        dict(
            type='Normalize',
            mean=[0.0, 0.0, 0.0],
            std=[255.0, 255.0, 255.0],
            to_rgb=False),
        dict(type='TestFormatBundle'),
        dict(
            type='Collect',
            keys=['imgs'],
            meta_keys=[
                'flow_gt', 'filename1', 'filename2', 'ori_filename1',
                'ori_filename2', 'ori_shape', 'img_shape', 'img_norm_cfg',
                'scale_factor', 'pad_shape', 'pad'
            ])
    ],
    data_root='data/Sintel',
    test_mode=True,
    pass_style='final')
data = dict(
    train_dataloader=dict(
        samples_per_gpu=2,
        workers_per_gpu=5,
        drop_last=True,
        shuffle=False,
        persistent_workers=True),
    val_dataloader=dict(
        samples_per_gpu=1,
        workers_per_gpu=5,
        shuffle=False,
        persistent_workers=True),
    test_dataloader=dict(samples_per_gpu=1, workers_per_gpu=5, shuffle=False),
    train=[
        dict(
            type='CADDY',
            data_root='/home/s.starace/Dataset/dCADDY',
            pipeline=[
                dict(type='LoadImageFromFile'),
                dict(type='LoadAnnotations', sparse=True),
                dict(
                    type='ColorJitter',
                    brightness=0.05,
                    contrast=0.2,
                    saturation=0.25,
                    hue=0.1),
                dict(type='RandomGamma', gamma_range=(0.7, 1.5)),
                dict(
                    type='Normalize',
                    mean=[0.0, 0.0, 0.0],
                    std=[255.0, 255.0, 255.0],
                    to_rgb=False),
                dict(
                    type='GaussianNoise',
                    sigma_range=(0, 0.04),
                    clamp_range=(0.0, 1.0)),
                dict(type='RandomFlip', prob=0.5, direction='horizontal'),
                dict(type='RandomFlip', prob=0.5, direction='vertical'),
                dict(
                    type='RandomAffine',
                    global_transform=dict(
                        translates=(0.02, 0.02),
                        zoom=(0.98, 1.02),
                        shear=(1.0, 1.0),
                        rotate=(-0.5, 0.5)),
                    relative_transform=dict(
                        translates=(0.0025, 0.0025),
                        zoom=(0.99, 1.01),
                        shear=(1.0, 1.0),
                        rotate=(-0.5, 0.5))),
                dict(type='RandomCrop', crop_size=(320, 240)),
                dict(type='DefaultFormatBundle'),
                dict(
                    type='Collect',
                    keys=['imgs', 'flow_gt', 'valid'],
                    meta_keys=[
                        'img_fields', 'ann_fields', 'filename1', 'filename2',
                        'ori_filename1', 'ori_filename2', 'filename_flow',
                        'ori_filename_flow', 'ori_shape', 'img_shape',
                        'img_norm_cfg'
                    ])
            ],
            test_mode=False),
        dict(
            type='KITTI2015AUG',
            data_root='/home/s.starace/Dataset/Depthstillation_mix/dKITTI',
            pipeline=[
                dict(type='LoadImageFromFile'),
                dict(type='LoadAnnotations', sparse=True),
                dict(
                    type='ColorJitter',
                    asymmetric_prob=0.0,
                    brightness=0.4,
                    contrast=0.4,
                    saturation=0.4,
                    hue=0.1592356687898089),
                dict(type='Erase', prob=0.5, bounds=[50, 100], max_num=3),
                dict(
                    type='SpacialTransform',
                    spacial_prob=0.8,
                    stretch_prob=0.8,
                    crop_size=(288, 960),
                    min_scale=-0.2,
                    max_scale=0.4,
                    max_stretch=0.2),
                dict(type='RandomCrop', crop_size=(288, 960)),
                dict(
                    type='Normalize',
                    mean=[0.0, 0.0, 0.0],
                    std=[255.0, 255.0, 255.0],
                    to_rgb=False),
                dict(type='DefaultFormatBundle'),
                dict(
                    type='Collect',
                    keys=['imgs', 'flow_gt', 'valid'],
                    meta_keys=[
                        'filename1', 'filename2', 'ori_filename1',
                        'ori_filename2', 'filename_flow', 'ori_filename_flow',
                        'ori_shape', 'img_shape', 'erase_bounds', 'erase_num',
                        'scale_factor'
                    ])
            ],
            test_mode=False)
    ],
    val=dict(
        type='ConcatDataset',
        datasets=[
            dict(
                type='KITTI2015',
                data_root='data/KITTI_2015',
                pipeline=[
                    dict(type='LoadImageFromFile'),
                    dict(type='LoadAnnotations', sparse=True),
                    dict(type='InputResize', exponent=6),
                    dict(
                        type='Normalize',
                        mean=[0.0, 0.0, 0.0],
                        std=[255.0, 255.0, 255.0],
                        to_rgb=False),
                    dict(type='TestFormatBundle'),
                    dict(
                        type='Collect',
                        keys=['imgs'],
                        meta_keys=[
                            'flow_gt', 'valid', 'filename1', 'filename2',
                            'ori_filename1', 'ori_filename2', 'ori_shape',
                            'img_shape', 'img_norm_cfg', 'scale_factor',
                            'pad_shape'
                        ])
                ],
                test_mode=True),
            dict(
                type='Sintel',
                pipeline=[
                    dict(type='LoadImageFromFile'),
                    dict(type='LoadAnnotations'),
                    dict(type='InputPad', exponent=3),
                    dict(
                        type='Normalize',
                        mean=[0.0, 0.0, 0.0],
                        std=[255.0, 255.0, 255.0],
                        to_rgb=False),
                    dict(type='TestFormatBundle'),
                    dict(
                        type='Collect',
                        keys=['imgs'],
                        meta_keys=[
                            'flow_gt', 'filename1', 'filename2',
                            'ori_filename1', 'ori_filename2', 'ori_shape',
                            'img_shape', 'img_norm_cfg', 'scale_factor',
                            'pad_shape', 'pad'
                        ])
                ],
                data_root='data/Sintel',
                test_mode=True,
                pass_style='clean'),
            dict(
                type='Sintel',
                pipeline=[
                    dict(type='LoadImageFromFile'),
                    dict(type='LoadAnnotations'),
                    dict(type='InputPad', exponent=3),
                    dict(
                        type='Normalize',
                        mean=[0.0, 0.0, 0.0],
                        std=[255.0, 255.0, 255.0],
                        to_rgb=False),
                    dict(type='TestFormatBundle'),
                    dict(
                        type='Collect',
                        keys=['imgs'],
                        meta_keys=[
                            'flow_gt', 'filename1', 'filename2',
                            'ori_filename1', 'ori_filename2', 'ori_shape',
                            'img_shape', 'img_norm_cfg', 'scale_factor',
                            'pad_shape', 'pad'
                        ])
                ],
                data_root='data/Sintel',
                test_mode=True,
                pass_style='final')
        ],
        separate_eval=True),
    test=dict(
        type='ConcatDataset',
        datasets=[
            dict(
                type='KITTI2015',
                data_root='data/KITTI_2015',
                pipeline=[
                    dict(type='LoadImageFromFile'),
                    dict(type='LoadAnnotations', sparse=True),
                    dict(type='InputResize', exponent=6),
                    dict(
                        type='Normalize',
                        mean=[0.0, 0.0, 0.0],
                        std=[255.0, 255.0, 255.0],
                        to_rgb=False),
                    dict(type='TestFormatBundle'),
                    dict(
                        type='Collect',
                        keys=['imgs'],
                        meta_keys=[
                            'flow_gt', 'valid', 'filename1', 'filename2',
                            'ori_filename1', 'ori_filename2', 'ori_shape',
                            'img_shape', 'img_norm_cfg', 'scale_factor',
                            'pad_shape'
                        ])
                ],
                test_mode=True),
            dict(
                type='Sintel',
                pipeline=[
                    dict(type='LoadImageFromFile'),
                    dict(type='LoadAnnotations'),
                    dict(type='InputPad', exponent=3),
                    dict(
                        type='Normalize',
                        mean=[0.0, 0.0, 0.0],
                        std=[255.0, 255.0, 255.0],
                        to_rgb=False),
                    dict(type='TestFormatBundle'),
                    dict(
                        type='Collect',
                        keys=['imgs'],
                        meta_keys=[
                            'flow_gt', 'filename1', 'filename2',
                            'ori_filename1', 'ori_filename2', 'ori_shape',
                            'img_shape', 'img_norm_cfg', 'scale_factor',
                            'pad_shape', 'pad'
                        ])
                ],
                data_root='data/Sintel',
                test_mode=True,
                pass_style='clean'),
            dict(
                type='Sintel',
                pipeline=[
                    dict(type='LoadImageFromFile'),
                    dict(type='LoadAnnotations'),
                    dict(type='InputPad', exponent=3),
                    dict(
                        type='Normalize',
                        mean=[0.0, 0.0, 0.0],
                        std=[255.0, 255.0, 255.0],
                        to_rgb=False),
                    dict(type='TestFormatBundle'),
                    dict(
                        type='Collect',
                        keys=['imgs'],
                        meta_keys=[
                            'flow_gt', 'filename1', 'filename2',
                            'ori_filename1', 'ori_filename2', 'ori_shape',
                            'img_shape', 'img_norm_cfg', 'scale_factor',
                            'pad_shape', 'pad'
                        ])
                ],
                data_root='data/Sintel',
                test_mode=True,
                pass_style='final')
        ],
        separate_eval=True))
log_config = dict(
    interval=50,
    hooks=[dict(type='TextLoggerHook'),
           dict(type='TensorboardLoggerHook')])
dist_params = dict(backend='nccl')
log_level = 'INFO'
load_from = None
resume_from = 'raft_dCADDY_mix_freezed_10/latest.pth'
workflow = [('train', 1)]
optimizer = dict(
    type='Adam', lr=1e-05, weight_decay=0.0004, betas=(0.9, 0.999))
optimizer_config = dict(grad_clip=None)
lr_config = dict(
    policy='step',
    by_epoch=False,
    gamma=0.5,
    step=[10000, 15000, 20000, 25000, 30000, 40000])
runner = dict(type='IterBasedRunner', max_iters=50000)
checkpoint_config = dict(by_epoch=False, interval=2000)
evaluation = dict(interval=2000, metric='EPE')
work_dir = '/home/s.starace/FlowNets/mmflow//work_dir/raft_dCADDY_mix_freezed_10'
auto_resume = False
gpu_ids = [0]

2022-10-11 08:09:17,224 - mmflow - INFO - Set random seed to 1918605086, deterministic: False
2022-10-11 08:09:17,302 - mmflow - INFO - initialize RAFTEncoder with init_cfg [{'type': 'Kaiming', 'layer': ['Conv2d'], 'mode': 'fan_out', 'nonlinearity': 'relu'}, {'type': 'Constant', 'layer': ['InstanceNorm2d'], 'val': 1, 'bias': 0}]
2022-10-11 08:09:17,468 - mmflow - INFO - initialize RAFTEncoder with init_cfg [{'type': 'Kaiming', 'layer': ['Conv2d'], 'mode': 'fan_out', 'nonlinearity': 'relu'}, {'type': 'Constant', 'layer': ['SyncBatchNorm2d'], 'val': 1, 'bias': 0}]
2022-10-11 08:09:17,487 - mmflow - INFO - RAFT(
  (encoder): RAFTEncoder(
    (conv1): Conv2d(3, 64, kernel_size=(7, 7), stride=(2, 2), padding=(3, 3))
    (in1): InstanceNorm2d(64, eps=1e-05, momentum=0.1, affine=False, track_running_stats=False)
    (relu): ReLU(inplace=True)
    (res_layer1): ResLayer(
      (0): BasicBlock(
        (conv1): Conv2d(64, 64, kernel_size=(3, 3), stride=(1, 1), padding=(1, 1))
        (in1): InstanceNorm2d(64, eps=1e-05, momentum=0.1, affine=False, track_running_stats=False)
        (conv2): Conv2d(64, 64, kernel_size=(3, 3), stride=(1, 1), padding=(1, 1))
        (in2): InstanceNorm2d(64, eps=1e-05, momentum=0.1, affine=False, track_running_stats=False)
        (relu): ReLU()
      )
      (1): BasicBlock(
        (conv1): Conv2d(64, 64, kernel_size=(3, 3), stride=(1, 1), padding=(1, 1))
        (in1): InstanceNorm2d(64, eps=1e-05, momentum=0.1, affine=False, track_running_stats=False)
        (conv2): Conv2d(64, 64, kernel_size=(3, 3), stride=(1, 1), padding=(1, 1))
        (in2): InstanceNorm2d(64, eps=1e-05, momentum=0.1, affine=False, track_running_stats=False)
        (relu): ReLU()
      )
    )
    (conv2): Conv2d(128, 256, kernel_size=(1, 1), stride=(1, 1))
    (res_layer2): ResLayer(
      (0): BasicBlock(
        (conv1): Conv2d(64, 96, kernel_size=(3, 3), stride=(2, 2), padding=(1, 1))
        (in1): InstanceNorm2d(96, eps=1e-05, momentum=0.1, affine=False, track_running_stats=False)
        (conv2): Conv2d(96, 96, kernel_size=(3, 3), stride=(1, 1), padding=(1, 1))
        (in2): InstanceNorm2d(96, eps=1e-05, momentum=0.1, affine=False, track_running_stats=False)
        (relu): ReLU()
        (downsample): Sequential(
          (0): Conv2d(64, 96, kernel_size=(1, 1), stride=(2, 2))
          (1): InstanceNorm2d(96, eps=1e-05, momentum=0.1, affine=False, track_running_stats=False)
        )
      )
      (1): BasicBlock(
        (conv1): Conv2d(96, 96, kernel_size=(3, 3), stride=(1, 1), padding=(1, 1))
        (in1): InstanceNorm2d(96, eps=1e-05, momentum=0.1, affine=False, track_running_stats=False)
        (conv2): Conv2d(96, 96, kernel_size=(3, 3), stride=(1, 1), padding=(1, 1))
        (in2): InstanceNorm2d(96, eps=1e-05, momentum=0.1, affine=False, track_running_stats=False)
        (relu): ReLU()
      )
    )
    (res_layer3): ResLayer(
      (0): BasicBlock(
        (conv1): Conv2d(96, 128, kernel_size=(3, 3), stride=(2, 2), padding=(1, 1))
        (in1): InstanceNorm2d(128, eps=1e-05, momentum=0.1, affine=False, track_running_stats=False)
        (conv2): Conv2d(128, 128, kernel_size=(3, 3), stride=(1, 1), padding=(1, 1))
        (in2): InstanceNorm2d(128, eps=1e-05, momentum=0.1, affine=False, track_running_stats=False)
        (relu): ReLU()
        (downsample): Sequential(
          (0): Conv2d(96, 128, kernel_size=(1, 1), stride=(2, 2))
          (1): InstanceNorm2d(128, eps=1e-05, momentum=0.1, affine=False, track_running_stats=False)
        )
      )
      (1): BasicBlock(
        (conv1): Conv2d(128, 128, kernel_size=(3, 3), stride=(1, 1), padding=(1, 1))
        (in1): InstanceNorm2d(128, eps=1e-05, momentum=0.1, affine=False, track_running_stats=False)
        (conv2): Conv2d(128, 128, kernel_size=(3, 3), stride=(1, 1), padding=(1, 1))
        (in2): InstanceNorm2d(128, eps=1e-05, momentum=0.1, affine=False, track_running_stats=False)
        (relu): ReLU()
      )
    )
  )
  init_cfg=[{'type': 'Kaiming', 'layer': ['Conv2d'], 'mode': 'fan_out', 'nonlinearity': 'relu'}, {'type': 'Constant', 'layer': ['InstanceNorm2d'], 'val': 1, 'bias': 0}]
  (decoder): RAFTDecoder(
    (corr_block): CorrelationPyramid(
      (pool): AvgPool2d(kernel_size=2, stride=2, padding=0)
    )
    (corr_lookup): CorrLookup()
    (encoder): MotionEncoder(
      (corr_net): Sequential(
        (0): ConvModule(
          (conv): Conv2d(324, 256, kernel_size=(1, 1), stride=(1, 1))
          (activate): ReLU(inplace=True)
        )
        (1): ConvModule(
          (conv): Conv2d(256, 192, kernel_size=(3, 3), stride=(1, 1), padding=(1, 1))
          (activate): ReLU(inplace=True)
        )
      )
      (flow_net): Sequential(
        (0): ConvModule(
          (conv): Conv2d(2, 128, kernel_size=(7, 7), stride=(1, 1), padding=(3, 3))
          (activate): ReLU(inplace=True)
        )
        (1): ConvModule(
          (conv): Conv2d(128, 64, kernel_size=(3, 3), stride=(1, 1), padding=(1, 1))
          (activate): ReLU(inplace=True)
        )
      )
      (out_net): Sequential(
        (0): ConvModule(
          (conv): Conv2d(256, 126, kernel_size=(3, 3), stride=(1, 1), padding=(1, 1))
          (activate): ReLU(inplace=True)
        )
      )
    )
    (gru): ConvGRU(
      (conv_z): ModuleList(
        (0): ConvModule(
          (conv): Conv2d(384, 128, kernel_size=(1, 5), stride=(1, 1), padding=(0, 2))
          (activate): Sigmoid()
        )
        (1): ConvModule(
          (conv): Conv2d(384, 128, kernel_size=(5, 1), stride=(1, 1), padding=(2, 0))
          (activate): Sigmoid()
        )
      )
      (conv_r): ModuleList(
        (0): ConvModule(
          (conv): Conv2d(384, 128, kernel_size=(1, 5), stride=(1, 1), padding=(0, 2))
          (activate): Sigmoid()
        )
        (1): ConvModule(
          (conv): Conv2d(384, 128, kernel_size=(5, 1), stride=(1, 1), padding=(2, 0))
          (activate): Sigmoid()
        )
      )
      (conv_q): ModuleList(
        (0): ConvModule(
          (conv): Conv2d(384, 128, kernel_size=(1, 5), stride=(1, 1), padding=(0, 2))
          (activate): Tanh()
        )
        (1): ConvModule(
          (conv): Conv2d(384, 128, kernel_size=(5, 1), stride=(1, 1), padding=(2, 0))
          (activate): Tanh()
        )
      )
    )
    (flow_pred): XHead(
      (layers): Sequential(
        (0): ConvModule(
          (conv): Conv2d(128, 256, kernel_size=(3, 3), stride=(1, 1), padding=(1, 1))
          (activate): ReLU(inplace=True)
        )
      )
      (predict_layer): Conv2d(256, 2, kernel_size=(3, 3), stride=(1, 1), padding=(1, 1))
    )
    (mask_pred): XHead(
      (layers): Sequential(
        (0): ConvModule(
          (conv): Conv2d(128, 256, kernel_size=(3, 3), stride=(1, 1), padding=(1, 1))
          (activate): ReLU(inplace=True)
        )
      )
      (predict_layer): Conv2d(256, 576, kernel_size=(1, 1), stride=(1, 1))
    )
    (flow_loss): SequenceLoss()
  )
  (context): RAFTEncoder(
    (conv1): Conv2d(3, 64, kernel_size=(7, 7), stride=(2, 2), padding=(3, 3))
    (bn1): SyncBatchNorm(64, eps=1e-05, momentum=0.1, affine=True, track_running_stats=True)
    (relu): ReLU(inplace=True)
    (res_layer1): ResLayer(
      (0): BasicBlock(
        (conv1): Conv2d(64, 64, kernel_size=(3, 3), stride=(1, 1), padding=(1, 1))
        (bn1): SyncBatchNorm(64, eps=1e-05, momentum=0.1, affine=True, track_running_stats=True)
        (conv2): Conv2d(64, 64, kernel_size=(3, 3), stride=(1, 1), padding=(1, 1))
        (bn2): SyncBatchNorm(64, eps=1e-05, momentum=0.1, affine=True, track_running_stats=True)
        (relu): ReLU()
      )
      (1): BasicBlock(
        (conv1): Conv2d(64, 64, kernel_size=(3, 3), stride=(1, 1), padding=(1, 1))
        (bn1): SyncBatchNorm(64, eps=1e-05, momentum=0.1, affine=True, track_running_stats=True)
        (conv2): Conv2d(64, 64, kernel_size=(3, 3), stride=(1, 1), padding=(1, 1))
        (bn2): SyncBatchNorm(64, eps=1e-05, momentum=0.1, affine=True, track_running_stats=True)
        (relu): ReLU()
      )
    )
    (conv2): Conv2d(128, 256, kernel_size=(1, 1), stride=(1, 1))
    (res_layer2): ResLayer(
      (0): BasicBlock(
        (conv1): Conv2d(64, 96, kernel_size=(3, 3), stride=(2, 2), padding=(1, 1))
        (bn1): SyncBatchNorm(96, eps=1e-05, momentum=0.1, affine=True, track_running_stats=True)
        (conv2): Conv2d(96, 96, kernel_size=(3, 3), stride=(1, 1), padding=(1, 1))
        (bn2): SyncBatchNorm(96, eps=1e-05, momentum=0.1, affine=True, track_running_stats=True)
        (relu): ReLU()
        (downsample): Sequential(
          (0): Conv2d(64, 96, kernel_size=(1, 1), stride=(2, 2))
          (1): SyncBatchNorm(96, eps=1e-05, momentum=0.1, affine=True, track_running_stats=True)
        )
      )
      (1): BasicBlock(
        (conv1): Conv2d(96, 96, kernel_size=(3, 3), stride=(1, 1), padding=(1, 1))
        (bn1): SyncBatchNorm(96, eps=1e-05, momentum=0.1, affine=True, track_running_stats=True)
        (conv2): Conv2d(96, 96, kernel_size=(3, 3), stride=(1, 1), padding=(1, 1))
        (bn2): SyncBatchNorm(96, eps=1e-05, momentum=0.1, affine=True, track_running_stats=True)
        (relu): ReLU()
      )
    )
    (res_layer3): ResLayer(
      (0): BasicBlock(
        (conv1): Conv2d(96, 128, kernel_size=(3, 3), stride=(2, 2), padding=(1, 1))
        (bn1): SyncBatchNorm(128, eps=1e-05, momentum=0.1, affine=True, track_running_stats=True)
        (conv2): Conv2d(128, 128, kernel_size=(3, 3), stride=(1, 1), padding=(1, 1))
        (bn2): SyncBatchNorm(128, eps=1e-05, momentum=0.1, affine=True, track_running_stats=True)
        (relu): ReLU()
        (downsample): Sequential(
          (0): Conv2d(96, 128, kernel_size=(1, 1), stride=(2, 2))
          (1): SyncBatchNorm(128, eps=1e-05, momentum=0.1, affine=True, track_running_stats=True)
        )
      )
      (1): BasicBlock(
        (conv1): Conv2d(128, 128, kernel_size=(3, 3), stride=(1, 1), padding=(1, 1))
        (bn1): SyncBatchNorm(128, eps=1e-05, momentum=0.1, affine=True, track_running_stats=True)
        (conv2): Conv2d(128, 128, kernel_size=(3, 3), stride=(1, 1), padding=(1, 1))
        (bn2): SyncBatchNorm(128, eps=1e-05, momentum=0.1, affine=True, track_running_stats=True)
        (relu): ReLU()
      )
    )
  )
  init_cfg=[{'type': 'Kaiming', 'layer': ['Conv2d'], 'mode': 'fan_out', 'nonlinearity': 'relu'}, {'type': 'Constant', 'layer': ['SyncBatchNorm2d'], 'val': 1, 'bias': 0}]
)
2022-10-11 08:09:18,786 - mmflow - INFO - dataset size 10406
/home/s.starace/FlowNets/mmflow/mmflow/apis/train.py:151: UserWarning: SyncBN is only supported with DDP. To be compatible with DP, we convert SyncBN to BN. Please use dist_train.sh which can avoid this error.
  warnings.warn(
2022-10-11 08:09:20,138 - mmflow - INFO - load checkpoint from local path: raft_dCADDY_mix_freezed_10/latest.pth
********** NOT DISTRIBUTED --- DEBUG SS ******************
Traceback (most recent call last):
  File "/home/s.starace/FlowNets/mmflow//tools/train.py", line 208, in <module>
    main()
  File "/home/s.starace/FlowNets/mmflow//tools/train.py", line 197, in main
    train_model(
  File "/home/s.starace/FlowNets/mmflow/mmflow/apis/train.py", line 264, in train_model
    runner.resume(cfg.resume_from)
  File "/home/s.starace/.conda/envs/openmmlabMim/lib/python3.8/site-packages/mmcv/runner/iter_based_runner.py", line 166, in resume
    checkpoint = self.load_checkpoint(
  File "/home/s.starace/.conda/envs/openmmlabMim/lib/python3.8/site-packages/mmcv/runner/base_runner.py", line 349, in load_checkpoint
    return load_checkpoint(
  File "/home/s.starace/.conda/envs/openmmlabMim/lib/python3.8/site-packages/mmcv/runner/checkpoint.py", line 627, in load_checkpoint
    checkpoint = _load_checkpoint(filename, map_location, logger)
  File "/home/s.starace/.conda/envs/openmmlabMim/lib/python3.8/site-packages/mmcv/runner/checkpoint.py", line 561, in _load_checkpoint
    return CheckpointLoader.load_checkpoint(filename, map_location, logger)
  File "/home/s.starace/.conda/envs/openmmlabMim/lib/python3.8/site-packages/mmcv/runner/checkpoint.py", line 303, in load_checkpoint
    return checkpoint_loader(filename, map_location)  # type: ignore
  File "/home/s.starace/.conda/envs/openmmlabMim/lib/python3.8/site-packages/mmcv/runner/checkpoint.py", line 322, in load_from_local
    raise FileNotFoundError(f'{filename} can not be found.')
FileNotFoundError: raft_dCADDY_mix_freezed_10/latest.pth can not be found.
