2022-10-11 09:17:38,436 - mmflow - INFO - Multi-processing start method is `fork`
2022-10-11 09:17:38,447 - mmflow - INFO - OpenCV num_threads is `32
2022-10-11 09:17:38,515 - mmflow - INFO - Environment info:
------------------------------------------------------------
sys.platform: linux
Python: 3.8.13 (default, Mar 28 2022, 11:38:47) [GCC 7.5.0]
CUDA available: True
CUDA_HOME: /opt/share/cuda/cuda-10.1
NVCC: Cuda compilation tools, release 10.1, V10.1.243
GPU 0,1,2,3: Tesla V100-SXM2-32GB
GCC: gcc (GCC) 4.8.5 20150623 (Red Hat 4.8.5-36)
PyTorch: 1.12.1
PyTorch compiling details: PyTorch built with:
  - GCC 9.3
  - C++ Version: 201402
  - Intel(R) oneAPI Math Kernel Library Version 2021.4-Product Build 20210904 for Intel(R) 64 architecture applications
  - Intel(R) MKL-DNN v2.6.0 (Git Hash 52b5f107dd9cf10910aaa19cb47f3abf9b349815)
  - OpenMP 201511 (a.k.a. OpenMP 4.5)
  - LAPACK is enabled (usually provided by MKL)
  - NNPACK is enabled
  - CPU capability usage: AVX2
  - CUDA Runtime 11.3
  - NVCC architecture flags: -gencode;arch=compute_37,code=sm_37;-gencode;arch=compute_50,code=sm_50;-gencode;arch=compute_60,code=sm_60;-gencode;arch=compute_61,code=sm_61;-gencode;arch=compute_70,code=sm_70;-gencode;arch=compute_75,code=sm_75;-gencode;arch=compute_80,code=sm_80;-gencode;arch=compute_86,code=sm_86;-gencode;arch=compute_37,code=compute_37
  - CuDNN 8.3.2  (built against CUDA 11.5)
  - Magma 2.5.2
  - Build settings: BLAS_INFO=mkl, BUILD_TYPE=Release, CUDA_VERSION=11.3, CUDNN_VERSION=8.3.2, CXX_COMPILER=/opt/rh/devtoolset-9/root/usr/bin/c++, CXX_FLAGS= -fabi-version=11 -Wno-deprecated -fvisibility-inlines-hidden -DUSE_PTHREADPOOL -fopenmp -DNDEBUG -DUSE_KINETO -DUSE_FBGEMM -DUSE_QNNPACK -DUSE_PYTORCH_QNNPACK -DUSE_XNNPACK -DSYMBOLICATE_MOBILE_DEBUG_HANDLE -DEDGE_PROFILER_USE_KINETO -O2 -fPIC -Wno-narrowing -Wall -Wextra -Werror=return-type -Wno-missing-field-initializers -Wno-type-limits -Wno-array-bounds -Wno-unknown-pragmas -Wno-unused-parameter -Wno-unused-function -Wno-unused-result -Wno-unused-local-typedefs -Wno-strict-overflow -Wno-strict-aliasing -Wno-error=deprecated-declarations -Wno-stringop-overflow -Wno-psabi -Wno-error=pedantic -Wno-error=redundant-decls -Wno-error=old-style-cast -fdiagnostics-color=always -faligned-new -Wno-unused-but-set-variable -Wno-maybe-uninitialized -fno-math-errno -fno-trapping-math -Werror=format -Werror=cast-function-type -Wno-stringop-overflow, LAPACK_INFO=mkl, PERF_WITH_AVX=1, PERF_WITH_AVX2=1, PERF_WITH_AVX512=1, TORCH_VERSION=1.12.1, USE_CUDA=ON, USE_CUDNN=ON, USE_EXCEPTION_PTR=1, USE_GFLAGS=OFF, USE_GLOG=OFF, USE_MKL=ON, USE_MKLDNN=OFF, USE_MPI=OFF, USE_NCCL=ON, USE_NNPACK=ON, USE_OPENMP=ON, USE_ROCM=OFF, 

TorchVision: 0.13.1
OpenCV: 4.6.0
MMCV: 1.6.1
MMFlow: 0.5.1+47d7ece
MMCV Compiler: GCC 9.3
MMCV CUDA Compiler: 11.3
------------------------------------------------------------

2022-10-11 09:17:38,516 - mmflow - INFO - Distributed training: False
2022-10-11 09:17:39,477 - mmflow - INFO - Config:
model = dict(
    type='RAFT',
    num_levels=4,
    radius=4,
    cxt_channels=128,
    h_channels=128,
    encoder=dict(
        type='RAFTEncoder',
        in_channels=3,
        out_channels=256,
        net_type='Basic',
        norm_cfg=dict(type='IN'),
        init_cfg=[
            dict(
                type='Kaiming',
                layer=['Conv2d'],
                mode='fan_out',
                nonlinearity='relu'),
            dict(type='Constant', layer=['InstanceNorm2d'], val=1, bias=0)
        ]),
    cxt_encoder=dict(
        type='RAFTEncoder',
        in_channels=3,
        out_channels=256,
        net_type='Basic',
        norm_cfg=dict(type='SyncBN'),
        init_cfg=[
            dict(
                type='Kaiming',
                layer=['Conv2d'],
                mode='fan_out',
                nonlinearity='relu'),
            dict(type='Constant', layer=['SyncBatchNorm2d'], val=1, bias=0)
        ]),
    decoder=dict(
        type='RAFTDecoder',
        net_type='Basic',
        num_levels=4,
        radius=4,
        iters=12,
        corr_op_cfg=dict(type='CorrLookup', align_corners=True),
        gru_type='SeqConv',
        flow_loss=dict(type='SequenceLoss', gamma=0.85),
        act_cfg=dict(type='ReLU')),
    freeze_bn=True,
    train_cfg=dict(),
    test_cfg=dict(iters=32))
caddy_data_root = '/home/s.starace/Dataset/dCADDY'
caddy_dataset_type = 'CADDY'
caddy_img_norm_cfg = dict(
    mean=[0.0, 0.0, 0.0], std=[255.0, 255.0, 255.0], to_rgb=False)
crop_size_caddy = (320, 240)
kitti_data_root = '/home/s.starace/Dataset/Depthstillation_mix/dKITTI'
kitti_dataset_type = 'KITTI2015AUG'
kitti_img_norm_cfg = dict(
    mean=[127.5, 127.5, 127.5], std=[127.5, 127.5, 127.5], to_rgb=False)
crop_size_kitti = (288, 960)
global_transform = dict(
    translates=(0.02, 0.02),
    zoom=(0.98, 1.02),
    shear=(1.0, 1.0),
    rotate=(-0.5, 0.5))
relative_transform = dict(
    translates=(0.0025, 0.0025),
    zoom=(0.99, 1.01),
    shear=(1.0, 1.0),
    rotate=(-0.5, 0.5))
kitti_train_pipeline = [
    dict(type='LoadImageFromFile'),
    dict(type='LoadAnnotations', sparse=True),
    dict(
        type='ColorJitter',
        asymmetric_prob=0.0,
        brightness=0.4,
        contrast=0.4,
        saturation=0.4,
        hue=0.1592356687898089),
    dict(type='Erase', prob=0.5, bounds=[50, 100], max_num=3),
    dict(
        type='SpacialTransform',
        spacial_prob=0.8,
        stretch_prob=0.8,
        crop_size=(288, 960),
        min_scale=-0.2,
        max_scale=0.4,
        max_stretch=0.2),
    dict(type='RandomCrop', crop_size=(288, 960)),
    dict(
        type='Normalize',
        mean=[0.0, 0.0, 0.0],
        std=[255.0, 255.0, 255.0],
        to_rgb=False),
    dict(type='DefaultFormatBundle'),
    dict(
        type='Collect',
        keys=['imgs', 'flow_gt', 'valid'],
        meta_keys=[
            'filename1', 'filename2', 'ori_filename1', 'ori_filename2',
            'filename_flow', 'ori_filename_flow', 'ori_shape', 'img_shape',
            'erase_bounds', 'erase_num', 'scale_factor'
        ])
]
caddy_train_pipeline = [
    dict(type='LoadImageFromFile'),
    dict(type='LoadAnnotations', sparse=True),
    dict(
        type='ColorJitter',
        brightness=0.05,
        contrast=0.2,
        saturation=0.25,
        hue=0.1),
    dict(type='RandomGamma', gamma_range=(0.7, 1.5)),
    dict(
        type='Normalize',
        mean=[0.0, 0.0, 0.0],
        std=[255.0, 255.0, 255.0],
        to_rgb=False),
    dict(type='GaussianNoise', sigma_range=(0, 0.04), clamp_range=(0.0, 1.0)),
    dict(type='RandomFlip', prob=0.5, direction='horizontal'),
    dict(type='RandomFlip', prob=0.5, direction='vertical'),
    dict(
        type='RandomAffine',
        global_transform=dict(
            translates=(0.02, 0.02),
            zoom=(0.98, 1.02),
            shear=(1.0, 1.0),
            rotate=(-0.5, 0.5)),
        relative_transform=dict(
            translates=(0.0025, 0.0025),
            zoom=(0.99, 1.01),
            shear=(1.0, 1.0),
            rotate=(-0.5, 0.5))),
    dict(type='RandomCrop', crop_size=(320, 240)),
    dict(type='DefaultFormatBundle'),
    dict(
        type='Collect',
        keys=['imgs', 'flow_gt', 'valid'],
        meta_keys=[
            'img_fields', 'ann_fields', 'filename1', 'filename2',
            'ori_filename1', 'ori_filename2', 'filename_flow',
            'ori_filename_flow', 'ori_shape', 'img_shape', 'img_norm_cfg'
        ])
]
test_pipeline = [
    dict(type='LoadImageFromFile'),
    dict(type='LoadAnnotations', sparse=True),
    dict(type='InputResize', exponent=6),
    dict(
        type='Normalize',
        mean=[0.0, 0.0, 0.0],
        std=[255.0, 255.0, 255.0],
        to_rgb=False),
    dict(type='TestFormatBundle'),
    dict(
        type='Collect',
        keys=['imgs'],
        meta_keys=[
            'flow_gt', 'valid', 'filename1', 'filename2', 'ori_filename1',
            'ori_filename2', 'ori_shape', 'img_shape', 'img_norm_cfg',
            'scale_factor', 'pad_shape'
        ])
]
sintel_test_pipeline = [
    dict(type='LoadImageFromFile'),
    dict(type='LoadAnnotations'),
    dict(type='InputPad', exponent=3),
    dict(
        type='Normalize',
        mean=[0.0, 0.0, 0.0],
        std=[255.0, 255.0, 255.0],
        to_rgb=False),
    dict(type='TestFormatBundle'),
    dict(
        type='Collect',
        keys=['imgs'],
        meta_keys=[
            'flow_gt', 'filename1', 'filename2', 'ori_filename1',
            'ori_filename2', 'ori_shape', 'img_shape', 'img_norm_cfg',
            'scale_factor', 'pad_shape', 'pad'
        ])
]
d_caddy_train = dict(
    type='CADDY',
    data_root='/home/s.starace/Dataset/dCADDY',
    pipeline=[
        dict(type='LoadImageFromFile'),
        dict(type='LoadAnnotations', sparse=True),
        dict(
            type='ColorJitter',
            brightness=0.05,
            contrast=0.2,
            saturation=0.25,
            hue=0.1),
        dict(type='RandomGamma', gamma_range=(0.7, 1.5)),
        dict(
            type='Normalize',
            mean=[0.0, 0.0, 0.0],
            std=[255.0, 255.0, 255.0],
            to_rgb=False),
        dict(
            type='GaussianNoise',
            sigma_range=(0, 0.04),
            clamp_range=(0.0, 1.0)),
        dict(type='RandomFlip', prob=0.5, direction='horizontal'),
        dict(type='RandomFlip', prob=0.5, direction='vertical'),
        dict(
            type='RandomAffine',
            global_transform=dict(
                translates=(0.02, 0.02),
                zoom=(0.98, 1.02),
                shear=(1.0, 1.0),
                rotate=(-0.5, 0.5)),
            relative_transform=dict(
                translates=(0.0025, 0.0025),
                zoom=(0.99, 1.01),
                shear=(1.0, 1.0),
                rotate=(-0.5, 0.5))),
        dict(type='RandomCrop', crop_size=(320, 240)),
        dict(type='DefaultFormatBundle'),
        dict(
            type='Collect',
            keys=['imgs', 'flow_gt', 'valid'],
            meta_keys=[
                'img_fields', 'ann_fields', 'filename1', 'filename2',
                'ori_filename1', 'ori_filename2', 'filename_flow',
                'ori_filename_flow', 'ori_shape', 'img_shape', 'img_norm_cfg'
            ])
    ],
    test_mode=False)
d_kitti_train = dict(
    type='KITTI2015AUG',
    data_root='/home/s.starace/Dataset/Depthstillation_mix/dKITTI',
    pipeline=[
        dict(type='LoadImageFromFile'),
        dict(type='LoadAnnotations', sparse=True),
        dict(
            type='ColorJitter',
            asymmetric_prob=0.0,
            brightness=0.4,
            contrast=0.4,
            saturation=0.4,
            hue=0.1592356687898089),
        dict(type='Erase', prob=0.5, bounds=[50, 100], max_num=3),
        dict(
            type='SpacialTransform',
            spacial_prob=0.8,
            stretch_prob=0.8,
            crop_size=(288, 960),
            min_scale=-0.2,
            max_scale=0.4,
            max_stretch=0.2),
        dict(type='RandomCrop', crop_size=(288, 960)),
        dict(
            type='Normalize',
            mean=[0.0, 0.0, 0.0],
            std=[255.0, 255.0, 255.0],
            to_rgb=False),
        dict(type='DefaultFormatBundle'),
        dict(
            type='Collect',
            keys=['imgs', 'flow_gt', 'valid'],
            meta_keys=[
                'filename1', 'filename2', 'ori_filename1', 'ori_filename2',
                'filename_flow', 'ori_filename_flow', 'ori_shape', 'img_shape',
                'erase_bounds', 'erase_num', 'scale_factor'
            ])
    ],
    test_mode=False)
kitti2015_val_test = dict(
    type='KITTI2015',
    data_root='data/KITTI_2015',
    pipeline=[
        dict(type='LoadImageFromFile'),
        dict(type='LoadAnnotations', sparse=True),
        dict(type='InputResize', exponent=6),
        dict(
            type='Normalize',
            mean=[0.0, 0.0, 0.0],
            std=[255.0, 255.0, 255.0],
            to_rgb=False),
        dict(type='TestFormatBundle'),
        dict(
            type='Collect',
            keys=['imgs'],
            meta_keys=[
                'flow_gt', 'valid', 'filename1', 'filename2', 'ori_filename1',
                'ori_filename2', 'ori_shape', 'img_shape', 'img_norm_cfg',
                'scale_factor', 'pad_shape'
            ])
    ],
    test_mode=True)
sintel_clean_test = dict(
    type='Sintel',
    pipeline=[
        dict(type='LoadImageFromFile'),
        dict(type='LoadAnnotations'),
        dict(type='InputPad', exponent=3),
        dict(
            type='Normalize',
            mean=[0.0, 0.0, 0.0],
            std=[255.0, 255.0, 255.0],
            to_rgb=False),
        dict(type='TestFormatBundle'),
        dict(
            type='Collect',
            keys=['imgs'],
            meta_keys=[
                'flow_gt', 'filename1', 'filename2', 'ori_filename1',
                'ori_filename2', 'ori_shape', 'img_shape', 'img_norm_cfg',
                'scale_factor', 'pad_shape', 'pad'
            ])
    ],
    data_root='data/Sintel',
    test_mode=True,
    pass_style='clean')
sintel_final_test = dict(
    type='Sintel',
    pipeline=[
        dict(type='LoadImageFromFile'),
        dict(type='LoadAnnotations'),
        dict(type='InputPad', exponent=3),
        dict(
            type='Normalize',
            mean=[0.0, 0.0, 0.0],
            std=[255.0, 255.0, 255.0],
            to_rgb=False),
        dict(type='TestFormatBundle'),
        dict(
            type='Collect',
            keys=['imgs'],
            meta_keys=[
                'flow_gt', 'filename1', 'filename2', 'ori_filename1',
                'ori_filename2', 'ori_shape', 'img_shape', 'img_norm_cfg',
                'scale_factor', 'pad_shape', 'pad'
            ])
    ],
    data_root='data/Sintel',
    test_mode=True,
    pass_style='final')
data = dict(
    train_dataloader=dict(
        samples_per_gpu=2,
        workers_per_gpu=5,
        drop_last=True,
        shuffle=False,
        persistent_workers=True),
    val_dataloader=dict(
        samples_per_gpu=1,
        workers_per_gpu=5,
        shuffle=False,
        persistent_workers=True),
    test_dataloader=dict(samples_per_gpu=1, workers_per_gpu=5, shuffle=False),
    train=[
        dict(
            type='CADDY',
            data_root='/home/s.starace/Dataset/dCADDY',
            pipeline=[
                dict(type='LoadImageFromFile'),
                dict(type='LoadAnnotations', sparse=True),
                dict(
                    type='ColorJitter',
                    brightness=0.05,
                    contrast=0.2,
                    saturation=0.25,
                    hue=0.1),
                dict(type='RandomGamma', gamma_range=(0.7, 1.5)),
                dict(
                    type='Normalize',
                    mean=[0.0, 0.0, 0.0],
                    std=[255.0, 255.0, 255.0],
                    to_rgb=False),
                dict(
                    type='GaussianNoise',
                    sigma_range=(0, 0.04),
                    clamp_range=(0.0, 1.0)),
                dict(type='RandomFlip', prob=0.5, direction='horizontal'),
                dict(type='RandomFlip', prob=0.5, direction='vertical'),
                dict(
                    type='RandomAffine',
                    global_transform=dict(
                        translates=(0.02, 0.02),
                        zoom=(0.98, 1.02),
                        shear=(1.0, 1.0),
                        rotate=(-0.5, 0.5)),
                    relative_transform=dict(
                        translates=(0.0025, 0.0025),
                        zoom=(0.99, 1.01),
                        shear=(1.0, 1.0),
                        rotate=(-0.5, 0.5))),
                dict(type='RandomCrop', crop_size=(320, 240)),
                dict(type='DefaultFormatBundle'),
                dict(
                    type='Collect',
                    keys=['imgs', 'flow_gt', 'valid'],
                    meta_keys=[
                        'img_fields', 'ann_fields', 'filename1', 'filename2',
                        'ori_filename1', 'ori_filename2', 'filename_flow',
                        'ori_filename_flow', 'ori_shape', 'img_shape',
                        'img_norm_cfg'
                    ])
            ],
            test_mode=False),
        dict(
            type='KITTI2015AUG',
            data_root='/home/s.starace/Dataset/Depthstillation_mix/dKITTI',
            pipeline=[
                dict(type='LoadImageFromFile'),
                dict(type='LoadAnnotations', sparse=True),
                dict(
                    type='ColorJitter',
                    asymmetric_prob=0.0,
                    brightness=0.4,
                    contrast=0.4,
                    saturation=0.4,
                    hue=0.1592356687898089),
                dict(type='Erase', prob=0.5, bounds=[50, 100], max_num=3),
                dict(
                    type='SpacialTransform',
                    spacial_prob=0.8,
                    stretch_prob=0.8,
                    crop_size=(288, 960),
                    min_scale=-0.2,
                    max_scale=0.4,
                    max_stretch=0.2),
                dict(type='RandomCrop', crop_size=(288, 960)),
                dict(
                    type='Normalize',
                    mean=[0.0, 0.0, 0.0],
                    std=[255.0, 255.0, 255.0],
                    to_rgb=False),
                dict(type='DefaultFormatBundle'),
                dict(
                    type='Collect',
                    keys=['imgs', 'flow_gt', 'valid'],
                    meta_keys=[
                        'filename1', 'filename2', 'ori_filename1',
                        'ori_filename2', 'filename_flow', 'ori_filename_flow',
                        'ori_shape', 'img_shape', 'erase_bounds', 'erase_num',
                        'scale_factor'
                    ])
            ],
            test_mode=False)
    ],
    val=dict(
        type='KITTI2015AUG',
        pipeline=[
            dict(type='LoadImageFromFile'),
            dict(type='LoadAnnotations', sparse=True),
            dict(type='InputResize', exponent=6),
            dict(
                type='Normalize',
                mean=[0.0, 0.0, 0.0],
                std=[255.0, 255.0, 255.0],
                to_rgb=False),
            dict(type='TestFormatBundle'),
            dict(
                type='Collect',
                keys=['imgs'],
                meta_keys=[
                    'flow_gt', 'valid', 'filename1', 'filename2',
                    'ori_filename1', 'ori_filename2', 'ori_shape', 'img_shape',
                    'img_norm_cfg', 'scale_factor', 'pad_shape'
                ])
        ],
        data_root='/home/s.starace/Dataset/Depthstillation_mix/dKITTI',
        test_mode=True),
    test=dict(
        type='KITTI2015AUG',
        pipeline=[
            dict(type='LoadImageFromFile'),
            dict(type='LoadAnnotations', sparse=True),
            dict(type='InputResize', exponent=6),
            dict(
                type='Normalize',
                mean=[0.0, 0.0, 0.0],
                std=[255.0, 255.0, 255.0],
                to_rgb=False),
            dict(type='TestFormatBundle'),
            dict(
                type='Collect',
                keys=['imgs'],
                meta_keys=[
                    'flow_gt', 'valid', 'filename1', 'filename2',
                    'ori_filename1', 'ori_filename2', 'ori_shape', 'img_shape',
                    'img_norm_cfg', 'scale_factor', 'pad_shape'
                ])
        ],
        data_root='/home/s.starace/Dataset/Depthstillation_mix/dKITTI',
        test_mode=True))
log_config = dict(
    interval=50,
    hooks=[dict(type='TextLoggerHook'),
           dict(type='TensorboardLoggerHook')])
dist_params = dict(backend='nccl')
log_level = 'INFO'
load_from = 'checkpoints/raft/raft_8x2_100k_flyingthings3d_400x720.pth'
resume_from = None
workflow = [('train', 1)]
optimizer = dict(
    type='Adam', lr=1e-05, weight_decay=0.0004, betas=(0.9, 0.999))
optimizer_config = dict(grad_clip=None)
lr_config = dict(
    policy='step',
    by_epoch=False,
    gamma=0.5,
    step=[10000, 15000, 20000, 25000, 30000, 40000])
runner = dict(type='IterBasedRunner', max_iters=50000)
checkpoint_config = dict(by_epoch=False, interval=2000)
evaluation = dict(interval=2000, metric='EPE')
work_dir = '/home/s.starace/FlowNets/mmflow//work_dir/raft_dCADDY_mix_freezed_10'
auto_resume = False
gpu_ids = [0]

2022-10-11 09:17:39,492 - mmflow - INFO - Set random seed to 461298408, deterministic: False
2022-10-11 09:17:39,597 - mmflow - INFO - initialize RAFTEncoder with init_cfg [{'type': 'Kaiming', 'layer': ['Conv2d'], 'mode': 'fan_out', 'nonlinearity': 'relu'}, {'type': 'Constant', 'layer': ['InstanceNorm2d'], 'val': 1, 'bias': 0}]
2022-10-11 09:17:40,193 - mmflow - INFO - initialize RAFTEncoder with init_cfg [{'type': 'Kaiming', 'layer': ['Conv2d'], 'mode': 'fan_out', 'nonlinearity': 'relu'}, {'type': 'Constant', 'layer': ['SyncBatchNorm2d'], 'val': 1, 'bias': 0}]
2022-10-11 09:17:40,211 - mmflow - INFO - RAFT(
  (encoder): RAFTEncoder(
    (conv1): Conv2d(3, 64, kernel_size=(7, 7), stride=(2, 2), padding=(3, 3))
    (in1): InstanceNorm2d(64, eps=1e-05, momentum=0.1, affine=False, track_running_stats=False)
    (relu): ReLU(inplace=True)
    (res_layer1): ResLayer(
      (0): BasicBlock(
        (conv1): Conv2d(64, 64, kernel_size=(3, 3), stride=(1, 1), padding=(1, 1))
        (in1): InstanceNorm2d(64, eps=1e-05, momentum=0.1, affine=False, track_running_stats=False)
        (conv2): Conv2d(64, 64, kernel_size=(3, 3), stride=(1, 1), padding=(1, 1))
        (in2): InstanceNorm2d(64, eps=1e-05, momentum=0.1, affine=False, track_running_stats=False)
        (relu): ReLU()
      )
      (1): BasicBlock(
        (conv1): Conv2d(64, 64, kernel_size=(3, 3), stride=(1, 1), padding=(1, 1))
        (in1): InstanceNorm2d(64, eps=1e-05, momentum=0.1, affine=False, track_running_stats=False)
        (conv2): Conv2d(64, 64, kernel_size=(3, 3), stride=(1, 1), padding=(1, 1))
        (in2): InstanceNorm2d(64, eps=1e-05, momentum=0.1, affine=False, track_running_stats=False)
        (relu): ReLU()
      )
    )
    (conv2): Conv2d(128, 256, kernel_size=(1, 1), stride=(1, 1))
    (res_layer2): ResLayer(
      (0): BasicBlock(
        (conv1): Conv2d(64, 96, kernel_size=(3, 3), stride=(2, 2), padding=(1, 1))
        (in1): InstanceNorm2d(96, eps=1e-05, momentum=0.1, affine=False, track_running_stats=False)
        (conv2): Conv2d(96, 96, kernel_size=(3, 3), stride=(1, 1), padding=(1, 1))
        (in2): InstanceNorm2d(96, eps=1e-05, momentum=0.1, affine=False, track_running_stats=False)
        (relu): ReLU()
        (downsample): Sequential(
          (0): Conv2d(64, 96, kernel_size=(1, 1), stride=(2, 2))
          (1): InstanceNorm2d(96, eps=1e-05, momentum=0.1, affine=False, track_running_stats=False)
        )
      )
      (1): BasicBlock(
        (conv1): Conv2d(96, 96, kernel_size=(3, 3), stride=(1, 1), padding=(1, 1))
        (in1): InstanceNorm2d(96, eps=1e-05, momentum=0.1, affine=False, track_running_stats=False)
        (conv2): Conv2d(96, 96, kernel_size=(3, 3), stride=(1, 1), padding=(1, 1))
        (in2): InstanceNorm2d(96, eps=1e-05, momentum=0.1, affine=False, track_running_stats=False)
        (relu): ReLU()
      )
    )
    (res_layer3): ResLayer(
      (0): BasicBlock(
        (conv1): Conv2d(96, 128, kernel_size=(3, 3), stride=(2, 2), padding=(1, 1))
        (in1): InstanceNorm2d(128, eps=1e-05, momentum=0.1, affine=False, track_running_stats=False)
        (conv2): Conv2d(128, 128, kernel_size=(3, 3), stride=(1, 1), padding=(1, 1))
        (in2): InstanceNorm2d(128, eps=1e-05, momentum=0.1, affine=False, track_running_stats=False)
        (relu): ReLU()
        (downsample): Sequential(
          (0): Conv2d(96, 128, kernel_size=(1, 1), stride=(2, 2))
          (1): InstanceNorm2d(128, eps=1e-05, momentum=0.1, affine=False, track_running_stats=False)
        )
      )
      (1): BasicBlock(
        (conv1): Conv2d(128, 128, kernel_size=(3, 3), stride=(1, 1), padding=(1, 1))
        (in1): InstanceNorm2d(128, eps=1e-05, momentum=0.1, affine=False, track_running_stats=False)
        (conv2): Conv2d(128, 128, kernel_size=(3, 3), stride=(1, 1), padding=(1, 1))
        (in2): InstanceNorm2d(128, eps=1e-05, momentum=0.1, affine=False, track_running_stats=False)
        (relu): ReLU()
      )
    )
  )
  init_cfg=[{'type': 'Kaiming', 'layer': ['Conv2d'], 'mode': 'fan_out', 'nonlinearity': 'relu'}, {'type': 'Constant', 'layer': ['InstanceNorm2d'], 'val': 1, 'bias': 0}]
  (decoder): RAFTDecoder(
    (corr_block): CorrelationPyramid(
      (pool): AvgPool2d(kernel_size=2, stride=2, padding=0)
    )
    (corr_lookup): CorrLookup()
    (encoder): MotionEncoder(
      (corr_net): Sequential(
        (0): ConvModule(
          (conv): Conv2d(324, 256, kernel_size=(1, 1), stride=(1, 1))
          (activate): ReLU(inplace=True)
        )
        (1): ConvModule(
          (conv): Conv2d(256, 192, kernel_size=(3, 3), stride=(1, 1), padding=(1, 1))
          (activate): ReLU(inplace=True)
        )
      )
      (flow_net): Sequential(
        (0): ConvModule(
          (conv): Conv2d(2, 128, kernel_size=(7, 7), stride=(1, 1), padding=(3, 3))
          (activate): ReLU(inplace=True)
        )
        (1): ConvModule(
          (conv): Conv2d(128, 64, kernel_size=(3, 3), stride=(1, 1), padding=(1, 1))
          (activate): ReLU(inplace=True)
        )
      )
      (out_net): Sequential(
        (0): ConvModule(
          (conv): Conv2d(256, 126, kernel_size=(3, 3), stride=(1, 1), padding=(1, 1))
          (activate): ReLU(inplace=True)
        )
      )
    )
    (gru): ConvGRU(
      (conv_z): ModuleList(
        (0): ConvModule(
          (conv): Conv2d(384, 128, kernel_size=(1, 5), stride=(1, 1), padding=(0, 2))
          (activate): Sigmoid()
        )
        (1): ConvModule(
          (conv): Conv2d(384, 128, kernel_size=(5, 1), stride=(1, 1), padding=(2, 0))
          (activate): Sigmoid()
        )
      )
      (conv_r): ModuleList(
        (0): ConvModule(
          (conv): Conv2d(384, 128, kernel_size=(1, 5), stride=(1, 1), padding=(0, 2))
          (activate): Sigmoid()
        )
        (1): ConvModule(
          (conv): Conv2d(384, 128, kernel_size=(5, 1), stride=(1, 1), padding=(2, 0))
          (activate): Sigmoid()
        )
      )
      (conv_q): ModuleList(
        (0): ConvModule(
          (conv): Conv2d(384, 128, kernel_size=(1, 5), stride=(1, 1), padding=(0, 2))
          (activate): Tanh()
        )
        (1): ConvModule(
          (conv): Conv2d(384, 128, kernel_size=(5, 1), stride=(1, 1), padding=(2, 0))
          (activate): Tanh()
        )
      )
    )
    (flow_pred): XHead(
      (layers): Sequential(
        (0): ConvModule(
          (conv): Conv2d(128, 256, kernel_size=(3, 3), stride=(1, 1), padding=(1, 1))
          (activate): ReLU(inplace=True)
        )
      )
      (predict_layer): Conv2d(256, 2, kernel_size=(3, 3), stride=(1, 1), padding=(1, 1))
    )
    (mask_pred): XHead(
      (layers): Sequential(
        (0): ConvModule(
          (conv): Conv2d(128, 256, kernel_size=(3, 3), stride=(1, 1), padding=(1, 1))
          (activate): ReLU(inplace=True)
        )
      )
      (predict_layer): Conv2d(256, 576, kernel_size=(1, 1), stride=(1, 1))
    )
    (flow_loss): SequenceLoss()
  )
  (context): RAFTEncoder(
    (conv1): Conv2d(3, 64, kernel_size=(7, 7), stride=(2, 2), padding=(3, 3))
    (bn1): SyncBatchNorm(64, eps=1e-05, momentum=0.1, affine=True, track_running_stats=True)
    (relu): ReLU(inplace=True)
    (res_layer1): ResLayer(
      (0): BasicBlock(
        (conv1): Conv2d(64, 64, kernel_size=(3, 3), stride=(1, 1), padding=(1, 1))
        (bn1): SyncBatchNorm(64, eps=1e-05, momentum=0.1, affine=True, track_running_stats=True)
        (conv2): Conv2d(64, 64, kernel_size=(3, 3), stride=(1, 1), padding=(1, 1))
        (bn2): SyncBatchNorm(64, eps=1e-05, momentum=0.1, affine=True, track_running_stats=True)
        (relu): ReLU()
      )
      (1): BasicBlock(
        (conv1): Conv2d(64, 64, kernel_size=(3, 3), stride=(1, 1), padding=(1, 1))
        (bn1): SyncBatchNorm(64, eps=1e-05, momentum=0.1, affine=True, track_running_stats=True)
        (conv2): Conv2d(64, 64, kernel_size=(3, 3), stride=(1, 1), padding=(1, 1))
        (bn2): SyncBatchNorm(64, eps=1e-05, momentum=0.1, affine=True, track_running_stats=True)
        (relu): ReLU()
      )
    )
    (conv2): Conv2d(128, 256, kernel_size=(1, 1), stride=(1, 1))
    (res_layer2): ResLayer(
      (0): BasicBlock(
        (conv1): Conv2d(64, 96, kernel_size=(3, 3), stride=(2, 2), padding=(1, 1))
        (bn1): SyncBatchNorm(96, eps=1e-05, momentum=0.1, affine=True, track_running_stats=True)
        (conv2): Conv2d(96, 96, kernel_size=(3, 3), stride=(1, 1), padding=(1, 1))
        (bn2): SyncBatchNorm(96, eps=1e-05, momentum=0.1, affine=True, track_running_stats=True)
        (relu): ReLU()
        (downsample): Sequential(
          (0): Conv2d(64, 96, kernel_size=(1, 1), stride=(2, 2))
          (1): SyncBatchNorm(96, eps=1e-05, momentum=0.1, affine=True, track_running_stats=True)
        )
      )
      (1): BasicBlock(
        (conv1): Conv2d(96, 96, kernel_size=(3, 3), stride=(1, 1), padding=(1, 1))
        (bn1): SyncBatchNorm(96, eps=1e-05, momentum=0.1, affine=True, track_running_stats=True)
        (conv2): Conv2d(96, 96, kernel_size=(3, 3), stride=(1, 1), padding=(1, 1))
        (bn2): SyncBatchNorm(96, eps=1e-05, momentum=0.1, affine=True, track_running_stats=True)
        (relu): ReLU()
      )
    )
    (res_layer3): ResLayer(
      (0): BasicBlock(
        (conv1): Conv2d(96, 128, kernel_size=(3, 3), stride=(2, 2), padding=(1, 1))
        (bn1): SyncBatchNorm(128, eps=1e-05, momentum=0.1, affine=True, track_running_stats=True)
        (conv2): Conv2d(128, 128, kernel_size=(3, 3), stride=(1, 1), padding=(1, 1))
        (bn2): SyncBatchNorm(128, eps=1e-05, momentum=0.1, affine=True, track_running_stats=True)
        (relu): ReLU()
        (downsample): Sequential(
          (0): Conv2d(96, 128, kernel_size=(1, 1), stride=(2, 2))
          (1): SyncBatchNorm(128, eps=1e-05, momentum=0.1, affine=True, track_running_stats=True)
        )
      )
      (1): BasicBlock(
        (conv1): Conv2d(128, 128, kernel_size=(3, 3), stride=(1, 1), padding=(1, 1))
        (bn1): SyncBatchNorm(128, eps=1e-05, momentum=0.1, affine=True, track_running_stats=True)
        (conv2): Conv2d(128, 128, kernel_size=(3, 3), stride=(1, 1), padding=(1, 1))
        (bn2): SyncBatchNorm(128, eps=1e-05, momentum=0.1, affine=True, track_running_stats=True)
        (relu): ReLU()
      )
    )
  )
  init_cfg=[{'type': 'Kaiming', 'layer': ['Conv2d'], 'mode': 'fan_out', 'nonlinearity': 'relu'}, {'type': 'Constant', 'layer': ['SyncBatchNorm2d'], 'val': 1, 'bias': 0}]
)
2022-10-11 09:17:41,142 - mmflow - INFO - dataset size 10406
/home/s.starace/FlowNets/mmflow/mmflow/apis/train.py:151: UserWarning: SyncBN is only supported with DDP. To be compatible with DP, we convert SyncBN to BN. Please use dist_train.sh which can avoid this error.
  warnings.warn(
2022-10-11 09:17:42,907 - mmflow - INFO - load checkpoint from local path: checkpoints/raft/raft_8x2_100k_flyingthings3d_400x720.pth
2022-10-11 09:17:43,008 - mmflow - INFO - Start running, host: s.starace@gnode01, work_dir: /home/s.starace/FlowNets/mmflow/work_dir/raft_dCADDY_mix_freezed_10
2022-10-11 09:17:43,010 - mmflow - INFO - Hooks will be executed in the following order:
before_run:
(VERY_HIGH   ) StepLrUpdaterHook                  
(NORMAL      ) CheckpointHook                     
(VERY_LOW    ) TextLoggerHook                     
(VERY_LOW    ) TensorboardLoggerHook              
 -------------------- 
before_train_epoch:
(VERY_HIGH   ) StepLrUpdaterHook                  
(LOW         ) IterTimerHook                      
(VERY_LOW    ) TextLoggerHook                     
(VERY_LOW    ) TensorboardLoggerHook              
 -------------------- 
before_train_iter:
(VERY_HIGH   ) StepLrUpdaterHook                  
(LOW         ) IterTimerHook                      
 -------------------- 
after_train_iter:
(ABOVE_NORMAL) OptimizerHook                      
(NORMAL      ) CheckpointHook                     
(LOW         ) IterTimerHook                      
(LOW         ) EvalHook                           
(VERY_LOW    ) TextLoggerHook                     
(VERY_LOW    ) TensorboardLoggerHook              
 -------------------- 
after_train_epoch:
(NORMAL      ) CheckpointHook                     
(LOW         ) EvalHook                           
(VERY_LOW    ) TextLoggerHook                     
(VERY_LOW    ) TensorboardLoggerHook              
 -------------------- 
before_val_epoch:
(LOW         ) IterTimerHook                      
(VERY_LOW    ) TextLoggerHook                     
(VERY_LOW    ) TensorboardLoggerHook              
 -------------------- 
before_val_iter:
(LOW         ) IterTimerHook                      
 -------------------- 
after_val_iter:
(LOW         ) IterTimerHook                      
 -------------------- 
after_val_epoch:
(VERY_LOW    ) TextLoggerHook                     
(VERY_LOW    ) TensorboardLoggerHook              
 -------------------- 
after_run:
(VERY_LOW    ) TextLoggerHook                     
(VERY_LOW    ) TensorboardLoggerHook              
 -------------------- 
2022-10-11 09:17:43,011 - mmflow - INFO - workflow: [('train', 1)], max: 50000 iters
2022-10-11 09:17:43,012 - mmflow - INFO - Checkpoints will be saved to /home/s.starace/FlowNets/mmflow/work_dir/raft_dCADDY_mix_freezed_10 by HardDiskBackend.
********** NOT DISTRIBUTED --- DEBUG SS ******************
/home/s.starace/.conda/envs/openmmlabMim/lib/python3.8/site-packages/torch/functional.py:478: UserWarning: torch.meshgrid: in an upcoming release, it will be required to pass the indexing argument. (Triggered internally at  /opt/conda/conda-bld/pytorch_1659484810403/work/aten/src/ATen/native/TensorShape.cpp:2894.)
  return _VF.meshgrid(tensors, **kwargs)  # type: ignore[attr-defined]
2022-10-11 09:17:50,609 - mmflow - INFO - Iter [50/50000]	lr: 1.000e-05, eta: 2:02:45, time: 0.147, data_time: 0.017, memory: 547, loss_flow: 77.7565, loss: 77.7565
2022-10-11 09:17:56,212 - mmflow - INFO - Iter [100/50000]	lr: 1.000e-05, eta: 1:47:55, time: 0.112, data_time: 0.005, memory: 547, loss_flow: 68.7773, loss: 68.7773
2022-10-11 09:18:01,533 - mmflow - INFO - Iter [150/50000]	lr: 1.000e-05, eta: 1:41:20, time: 0.106, data_time: 0.004, memory: 547, loss_flow: 72.1433, loss: 72.1433
2022-10-11 09:18:06,861 - mmflow - INFO - Iter [200/50000]	lr: 1.000e-05, eta: 1:38:01, time: 0.107, data_time: 0.004, memory: 547, loss_flow: 61.4960, loss: 61.4960
2022-10-11 09:18:12,476 - mmflow - INFO - Iter [250/50000]	lr: 1.000e-05, eta: 1:36:58, time: 0.112, data_time: 0.005, memory: 547, loss_flow: 72.0294, loss: 72.0294
2022-10-11 09:18:17,710 - mmflow - INFO - Iter [300/50000]	lr: 1.000e-05, eta: 1:35:10, time: 0.105, data_time: 0.006, memory: 547, loss_flow: 70.6106, loss: 70.6106
2022-10-11 09:18:23,150 - mmflow - INFO - Iter [350/50000]	lr: 1.000e-05, eta: 1:34:21, time: 0.109, data_time: 0.007, memory: 547, loss_flow: 155.0862, loss: 155.0862
2022-10-11 09:18:28,749 - mmflow - INFO - Iter [400/50000]	lr: 1.000e-05, eta: 1:34:03, time: 0.112, data_time: 0.005, memory: 547, loss_flow: 164.4976, loss: 164.4976
2022-10-11 09:18:34,284 - mmflow - INFO - Iter [450/50000]	lr: 1.000e-05, eta: 1:33:40, time: 0.111, data_time: 0.005, memory: 547, loss_flow: 103.1587, loss: 103.1587
2022-10-11 09:18:40,095 - mmflow - INFO - Iter [500/50000]	lr: 1.000e-05, eta: 1:33:48, time: 0.116, data_time: 0.005, memory: 547, loss_flow: 95.6947, loss: 95.6947
2022-10-11 09:18:45,998 - mmflow - INFO - Iter [550/50000]	lr: 1.000e-05, eta: 1:34:02, time: 0.118, data_time: 0.005, memory: 547, loss_flow: 106.8557, loss: 106.8557
2022-10-11 09:18:51,335 - mmflow - INFO - Iter [600/50000]	lr: 1.000e-05, eta: 1:33:26, time: 0.107, data_time: 0.005, memory: 547, loss_flow: 121.5781, loss: 121.5781
2022-10-11 09:18:57,260 - mmflow - INFO - Iter [650/50000]	lr: 1.000e-05, eta: 1:33:39, time: 0.118, data_time: 0.005, memory: 547, loss_flow: 102.7872, loss: 102.7872
2022-10-11 09:19:02,606 - mmflow - INFO - Iter [700/50000]	lr: 1.000e-05, eta: 1:33:09, time: 0.107, data_time: 0.005, memory: 547, loss_flow: 114.2890, loss: 114.2890
2022-10-11 09:19:08,077 - mmflow - INFO - Iter [750/50000]	lr: 1.000e-05, eta: 1:32:50, time: 0.109, data_time: 0.005, memory: 547, loss_flow: 100.3488, loss: 100.3488
2022-10-11 09:19:13,418 - mmflow - INFO - Iter [800/50000]	lr: 1.000e-05, eta: 1:32:25, time: 0.107, data_time: 0.006, memory: 547, loss_flow: 107.0962, loss: 107.0962
2022-10-11 09:19:18,581 - mmflow - INFO - Iter [850/50000]	lr: 1.000e-05, eta: 1:31:52, time: 0.103, data_time: 0.005, memory: 547, loss_flow: 127.3396, loss: 127.3396
2022-10-11 09:19:24,040 - mmflow - INFO - Iter [900/50000]	lr: 1.000e-05, eta: 1:31:39, time: 0.109, data_time: 0.007, memory: 547, loss_flow: 117.1219, loss: 117.1219
2022-10-11 09:19:29,827 - mmflow - INFO - Iter [950/50000]	lr: 1.000e-05, eta: 1:31:43, time: 0.116, data_time: 0.005, memory: 547, loss_flow: 97.9317, loss: 97.9317
2022-10-11 09:19:35,450 - mmflow - INFO - Exp name: raft_caddy_mix.py
2022-10-11 09:19:35,452 - mmflow - INFO - Iter [1000/50000]	lr: 1.000e-05, eta: 1:31:38, time: 0.112, data_time: 0.007, memory: 547, loss_flow: 112.0175, loss: 112.0175
2022-10-11 09:19:41,113 - mmflow - INFO - Iter [1050/50000]	lr: 1.000e-05, eta: 1:31:34, time: 0.113, data_time: 0.005, memory: 547, loss_flow: 81.1670, loss: 81.1670
2022-10-11 09:19:46,769 - mmflow - INFO - Iter [1100/50000]	lr: 1.000e-05, eta: 1:31:31, time: 0.113, data_time: 0.007, memory: 547, loss_flow: 88.1679, loss: 88.1679
2022-10-11 09:19:52,482 - mmflow - INFO - Iter [1150/50000]	lr: 1.000e-05, eta: 1:31:29, time: 0.114, data_time: 0.005, memory: 547, loss_flow: 185.2810, loss: 185.2810
2022-10-11 09:19:57,890 - mmflow - INFO - Iter [1200/50000]	lr: 1.000e-05, eta: 1:31:15, time: 0.108, data_time: 0.010, memory: 547, loss_flow: 135.6446, loss: 135.6446
2022-10-11 09:20:03,171 - mmflow - INFO - Iter [1250/50000]	lr: 1.000e-05, eta: 1:30:57, time: 0.106, data_time: 0.005, memory: 547, loss_flow: 128.6396, loss: 128.6396
2022-10-11 09:20:08,735 - mmflow - INFO - Iter [1300/50000]	lr: 1.000e-05, eta: 1:30:50, time: 0.111, data_time: 0.006, memory: 547, loss_flow: 149.9075, loss: 149.9075
2022-10-11 09:20:14,010 - mmflow - INFO - Iter [1350/50000]	lr: 1.000e-05, eta: 1:30:33, time: 0.105, data_time: 0.005, memory: 547, loss_flow: 138.6838, loss: 138.6838
2022-10-11 09:20:20,015 - mmflow - INFO - Iter [1400/50000]	lr: 1.000e-05, eta: 1:30:42, time: 0.120, data_time: 0.006, memory: 547, loss_flow: 151.0949, loss: 151.0949
2022-10-11 09:20:26,140 - mmflow - INFO - Iter [1450/50000]	lr: 1.000e-05, eta: 1:30:54, time: 0.122, data_time: 0.006, memory: 547, loss_flow: 112.8397, loss: 112.8397
2022-10-11 09:20:32,294 - mmflow - INFO - Iter [1500/50000]	lr: 1.000e-05, eta: 1:31:05, time: 0.123, data_time: 0.005, memory: 547, loss_flow: 111.1395, loss: 111.1395
2022-10-11 09:20:37,888 - mmflow - INFO - Iter [1550/50000]	lr: 1.000e-05, eta: 1:30:58, time: 0.112, data_time: 0.005, memory: 547, loss_flow: 110.2683, loss: 110.2683
2022-10-11 09:20:43,535 - mmflow - INFO - Iter [1600/50000]	lr: 1.000e-05, eta: 1:30:53, time: 0.113, data_time: 0.005, memory: 547, loss_flow: 128.9179, loss: 128.9179
2022-10-11 09:20:49,451 - mmflow - INFO - Iter [1650/50000]	lr: 1.000e-05, eta: 1:30:56, time: 0.118, data_time: 0.005, memory: 547, loss_flow: 140.4477, loss: 140.4477
2022-10-11 09:20:55,535 - mmflow - INFO - Iter [1700/50000]	lr: 1.000e-05, eta: 1:31:03, time: 0.122, data_time: 0.006, memory: 547, loss_flow: 122.2390, loss: 122.2390
2022-10-11 09:21:01,771 - mmflow - INFO - Iter [1750/50000]	lr: 1.000e-05, eta: 1:31:13, time: 0.125, data_time: 0.006, memory: 547, loss_flow: 81.3512, loss: 81.3512
2022-10-11 09:21:07,862 - mmflow - INFO - Iter [1800/50000]	lr: 1.000e-05, eta: 1:31:19, time: 0.122, data_time: 0.006, memory: 547, loss_flow: 64.3631, loss: 64.3631
2022-10-11 09:21:13,872 - mmflow - INFO - Iter [1850/50000]	lr: 1.000e-05, eta: 1:31:21, time: 0.120, data_time: 0.006, memory: 547, loss_flow: 53.1089, loss: 53.1089
2022-10-11 09:21:20,498 - mmflow - INFO - Iter [1900/50000]	lr: 1.000e-05, eta: 1:31:39, time: 0.132, data_time: 0.006, memory: 547, loss_flow: 63.5207, loss: 63.5207
2022-10-11 09:21:26,590 - mmflow - INFO - Iter [1950/50000]	lr: 1.000e-05, eta: 1:31:43, time: 0.122, data_time: 0.006, memory: 547, loss_flow: 82.7762, loss: 82.7762
2022-10-11 09:21:32,492 - mmflow - INFO - Saving checkpoint at 2000 iterations
[                                                  ] 0/400, elapsed: 0s, ETA:[                                 ] 1/400, 1.4 task/s, elapsed: 1s, ETA:   277s[                                 ] 2/400, 2.0 task/s, elapsed: 1s, ETA:   196s[                                 ] 3/400, 2.4 task/s, elapsed: 1s, ETA:   167s[                                 ] 4/400, 2.7 task/s, elapsed: 1s, ETA:   148s[                                 ] 5/400, 2.9 task/s, elapsed: 2s, ETA:   137s[                                 ] 6/400, 3.0 task/s, elapsed: 2s, ETA:   130s[                                 ] 7/400, 3.0 task/s, elapsed: 2s, ETA:   129s[                                 ] 8/400, 3.1 task/s, elapsed: 3s, ETA:   125s[                                 ] 9/400, 3.2 task/s, elapsed: 3s, ETA:   121s[                                ] 10/400, 3.3 task/s, elapsed: 3s, ETA:   118s[                                ] 11/400, 3.4 task/s, elapsed: 3s, ETA:   116s[                                ] 12/400, 3.3 task/s, elapsed: 4s, ETA:   116s[>                               ] 13/400, 3.4 task/s, elapsed: 4s, ETA:   114s[>                               ] 14/400, 3.4 task/s, elapsed: 4s, ETA:   113s[>                               ] 15/400, 3.5 task/s, elapsed: 4s, ETA:   111s[>                               ] 16/400, 3.5 task/s, elapsed: 5s, ETA:   110s[>                               ] 17/400, 3.5 task/s, elapsed: 5s, ETA:   110sTraceback (most recent call last):
  File "/home/s.starace/FlowNets/mmflow//tools/train.py", line 208, in <module>
    main()
  File "/home/s.starace/FlowNets/mmflow//tools/train.py", line 197, in main
    train_model(
  File "/home/s.starace/FlowNets/mmflow/mmflow/apis/train.py", line 267, in train_model
    runner.run(data_loaders, cfg.workflow)
  File "/home/s.starace/.conda/envs/openmmlabMim/lib/python3.8/site-packages/mmcv/runner/iter_based_runner.py", line 144, in run
    iter_runner(iter_loaders[i], **kwargs)
  File "/home/s.starace/.conda/envs/openmmlabMim/lib/python3.8/site-packages/mmcv/runner/iter_based_runner.py", line 70, in train
    self.call_hook('after_train_iter')
  File "/home/s.starace/.conda/envs/openmmlabMim/lib/python3.8/site-packages/mmcv/runner/base_runner.py", line 317, in call_hook
    getattr(hook, fn_name)(self)
  File "/home/s.starace/FlowNets/mmflow/mmflow/core/evaluation/eval_hooks.py", line 54, in after_train_iter
    self.evaluate(runner)
  File "/home/s.starace/FlowNets/mmflow/mmflow/core/evaluation/eval_hooks.py", line 66, in evaluate
    results_metrics = single_gpu_online_evaluation(
  File "/home/s.starace/FlowNets/mmflow/mmflow/core/evaluation/evaluation.py", line 66, in single_gpu_online_evaluation
    for data in data_loader:
  File "/home/s.starace/.conda/envs/openmmlabMim/lib/python3.8/site-packages/torch/utils/data/dataloader.py", line 681, in __next__
    data = self._next_data()
  File "/home/s.starace/.conda/envs/openmmlabMim/lib/python3.8/site-packages/torch/utils/data/dataloader.py", line 1376, in _next_data
    return self._process_data(data)
  File "/home/s.starace/.conda/envs/openmmlabMim/lib/python3.8/site-packages/torch/utils/data/dataloader.py", line 1402, in _process_data
    data.reraise()
  File "/home/s.starace/.conda/envs/openmmlabMim/lib/python3.8/site-packages/torch/_utils.py", line 461, in reraise
    raise exception
cv2.error: Caught error in DataLoader worker process 2.
Original Traceback (most recent call last):
  File "/home/s.starace/.conda/envs/openmmlabMim/lib/python3.8/site-packages/torch/utils/data/_utils/worker.py", line 302, in _worker_loop
    data = fetcher.fetch(index)
  File "/home/s.starace/.conda/envs/openmmlabMim/lib/python3.8/site-packages/torch/utils/data/_utils/fetch.py", line 49, in fetch
    data = [self.dataset[idx] for idx in possibly_batched_index]
  File "/home/s.starace/.conda/envs/openmmlabMim/lib/python3.8/site-packages/torch/utils/data/_utils/fetch.py", line 49, in <listcomp>
    data = [self.dataset[idx] for idx in possibly_batched_index]
  File "/home/s.starace/FlowNets/mmflow/mmflow/datasets/base_dataset.py", line 87, in __getitem__
    return self.prepare_data(idx)
  File "/home/s.starace/FlowNets/mmflow/mmflow/datasets/base_dataset.py", line 71, in prepare_data
    return self.pipeline(results)
  File "/home/s.starace/FlowNets/mmflow/mmflow/datasets/pipelines/compose.py", line 42, in __call__
    data = t(data)
  File "/home/s.starace/FlowNets/mmflow/mmflow/datasets/pipelines/loading.py", line 70, in __call__
    img2 = mmcv.imfrombytes(
  File "/home/s.starace/.conda/envs/openmmlabMim/lib/python3.8/site-packages/mmcv/image/io.py", line 259, in imfrombytes
    img = cv2.imdecode(img_np, flag)
cv2.error: OpenCV(4.6.0) /io/opencv/modules/imgcodecs/src/loadsave.cpp:816: error: (-215:Assertion failed) !buf.empty() in function 'imdecode_'


